{"C:\\Users\\ijmcc\\Projects\\weatherApp\\app.js": {"path":"C:\\Users\\ijmcc\\Projects\\weatherApp\\app.js","statementMap":{"0":{"start":{"line":1,"column":0},"end":{"line":null,"column":-1}},"1":{"start":{"line":2,"column":0},"end":{"line":null,"column":-1}},"2":{"start":{"line":3,"column":0},"end":{"line":null,"column":-1}},"3":{"start":{"line":4,"column":0},"end":{"line":null,"column":-1}},"4":{"start":{"line":6,"column":0},"end":{"line":null,"column":-1}},"5":{"start":{"line":10,"column":18},"end":{"line":10,"column":2}},"6":{"start":{"line":11,"column":2},"end":{"line":null,"column":-1}},"7":{"start":{"line":13,"column":23},"end":{"line":13,"column":2}},"8":{"start":{"line":15,"column":2},"end":{"line":null,"column":-1}},"9":{"start":{"line":19,"column":2},"end":{"line":null,"column":-1}},"10":{"start":{"line":22,"column":0},"end":{"line":null,"column":-1}},"11":{"start":{"line":32,"column":18},"end":{"line":32,"column":0}},"12":{"start":{"line":33,"column":0},"end":{"line":null,"column":-1}},"13":{"start":{"line":34,"column":2},"end":{"line":null,"column":-1}},"14":{"start":{"line":35,"column":2},"end":{"line":null,"column":-1}}},"fnMap":{"0":{"name":"generateForecastMarkup","decl":{"start":{"line":8,"column":9},"end":{"line":8,"column":0}},"loc":{"start":{"line":8,"column":47},"end":{"line":16,"column":1}}},"1":{"name":"dayClickHandler","decl":{"start":{"line":18,"column":9},"end":{"line":18,"column":0}},"loc":{"start":{"line":18,"column":27},"end":{"line":20,"column":1}}},"2":{"name":"(anonymous_3)","decl":{"start":{"line":33,"column":20},"end":{"line":33,"column":25}},"loc":{"start":{"line":33,"column":26},"end":{"line":33,"column":0}}}},"branchMap":{},"s":{"0":0,"1":0,"2":0,"3":0,"4":0,"5":0,"6":0,"7":0,"8":0,"9":0,"10":0,"11":0,"12":0,"13":0,"14":0},"f":{"0":0,"1":0,"2":0},"b":{}}
,"C:\\Users\\ijmcc\\Projects\\weatherApp\\lib\\_html.js": {"path":"C:\\Users\\ijmcc\\Projects\\weatherApp\\lib\\_html.js","statementMap":{"0":{"start":{"line":9,"column":21},"end":{"line":9,"column":23}},"1":{"start":{"line":10,"column":2},"end":{"line":15,"column":5}},"2":{"start":{"line":11,"column":4},"end":{"line":11,"column":24}},"3":{"start":{"line":12,"column":4},"end":{"line":14,"column":5}},"4":{"start":{"line":13,"column":6},"end":{"line":13,"column":30}},"5":{"start":{"line":16,"column":2},"end":{"line":16,"column":22}}},"fnMap":{"0":{"name":"(anonymous_0)","decl":{"start":{"line":8,"column":15},"end":{"line":8,"column":16}},"loc":{"start":{"line":8,"column":42},"end":{"line":17,"column":1}},"line":8},"1":{"name":"(anonymous_1)","decl":{"start":{"line":10,"column":18},"end":{"line":10,"column":19}},"loc":{"start":{"line":10,"column":35},"end":{"line":15,"column":3}},"line":10}},"branchMap":{"0":{"loc":{"start":{"line":12,"column":4},"end":{"line":14,"column":5}},"type":"if","locations":[{"start":{"line":12,"column":4},"end":{"line":14,"column":5}},{"start":{"line":12,"column":4},"end":{"line":14,"column":5}}],"line":12}},"s":{"0":1,"1":1,"2":2,"3":2,"4":1,"5":1},"f":{"0":1,"1":2},"b":{"0":[1,1]},"_coverageSchema":"332fd63041d2c1bcb487cc26dd0d5f7d97098a6c","hash":"aab7e7c5925e4e10ff9feccc7d519482813fcc8c"}
,"C:\\Users\\ijmcc\\Projects\\weatherApp\\lib\\dataHrsToDays.js": {"path":"C:\\Users\\ijmcc\\Projects\\weatherApp\\lib\\dataHrsToDays.js","statementMap":{"0":{"start":{"line":12,"column":17},"end":{"line":12,"column":21}},"1":{"start":{"line":14,"column":19},"end":{"line":17,"column":3}},"2":{"start":{"line":19,"column":2},"end":{"line":31,"column":5}},"3":{"start":{"line":21,"column":19},"end":{"line":21,"column":45}},"4":{"start":{"line":23,"column":4},"end":{"line":26,"column":5}},"5":{"start":{"line":24,"column":6},"end":{"line":24,"column":38}},"6":{"start":{"line":25,"column":6},"end":{"line":25,"column":13}},"7":{"start":{"line":28,"column":4},"end":{"line":28,"column":19}},"8":{"start":{"line":29,"column":4},"end":{"line":29,"column":31}},"9":{"start":{"line":30,"column":4},"end":{"line":30,"column":24}},"10":{"start":{"line":33,"column":2},"end":{"line":33,"column":18}}},"fnMap":{"0":{"name":"convertToDayArray","decl":{"start":{"line":11,"column":24},"end":{"line":11,"column":41}},"loc":{"start":{"line":11,"column":52},"end":{"line":34,"column":1}},"line":11},"1":{"name":"(anonymous_1)","decl":{"start":{"line":19,"column":19},"end":{"line":19,"column":20}},"loc":{"start":{"line":19,"column":25},"end":{"line":31,"column":3}},"line":19}},"branchMap":{"0":{"loc":{"start":{"line":23,"column":4},"end":{"line":26,"column":5}},"type":"if","locations":[{"start":{"line":23,"column":4},"end":{"line":26,"column":5}},{"start":{"line":23,"column":4},"end":{"line":26,"column":5}}],"line":23}},"s":{"0":1,"1":1,"2":1,"3":3,"4":3,"5":2,"6":2,"7":1,"8":1,"9":1,"10":1},"f":{"0":1,"1":3},"b":{"0":[2,1]},"_coverageSchema":"332fd63041d2c1bcb487cc26dd0d5f7d97098a6c","hash":"63630c226c00b17044c4368177706a6101cb56e6"}
,"C:\\Users\\ijmcc\\Projects\\weatherApp\\lib\\dataMeta.js": {"path":"C:\\Users\\ijmcc\\Projects\\weatherApp\\lib\\dataMeta.js","statementMap":{"0":{"start":{"line":8,"column":2},"end":{"line":8,"column":37}},"1":{"start":{"line":12,"column":13},"end":{"line":12,"column":37}},"2":{"start":{"line":13,"column":2},"end":{"line":17,"column":5}},"3":{"start":{"line":14,"column":4},"end":{"line":16,"column":5}},"4":{"start":{"line":15,"column":6},"end":{"line":15,"column":36}},"5":{"start":{"line":18,"column":2},"end":{"line":18,"column":14}},"6":{"start":{"line":22,"column":13},"end":{"line":22,"column":37}},"7":{"start":{"line":23,"column":2},"end":{"line":27,"column":5}},"8":{"start":{"line":24,"column":4},"end":{"line":26,"column":5}},"9":{"start":{"line":25,"column":6},"end":{"line":25,"column":36}},"10":{"start":{"line":28,"column":2},"end":{"line":28,"column":14}},"11":{"start":{"line":32,"column":14},"end":{"line":32,"column":38}},"12":{"start":{"line":33,"column":2},"end":{"line":37,"column":5}},"13":{"start":{"line":34,"column":4},"end":{"line":36,"column":5}},"14":{"start":{"line":35,"column":6},"end":{"line":35,"column":34}},"15":{"start":{"line":38,"column":2},"end":{"line":38,"column":15}},"16":{"start":{"line":43,"column":21},"end":{"line":43,"column":39}},"17":{"start":{"line":44,"column":2},"end":{"line":46,"column":3}},"18":{"start":{"line":45,"column":4},"end":{"line":45,"column":19}},"19":{"start":{"line":47,"column":18},"end":{"line":47,"column":44}},"20":{"start":{"line":48,"column":2},"end":{"line":48,"column":19}},"21":{"start":{"line":52,"column":13},"end":{"line":59,"column":3}},"22":{"start":{"line":60,"column":2},"end":{"line":60,"column":14}}},"fnMap":{"0":{"name":"kelvinToCelcius","decl":{"start":{"line":7,"column":9},"end":{"line":7,"column":24}},"loc":{"start":{"line":7,"column":33},"end":{"line":9,"column":1}},"line":7},"1":{"name":"highestTempInRange","decl":{"start":{"line":11,"column":9},"end":{"line":11,"column":27}},"loc":{"start":{"line":11,"column":43},"end":{"line":19,"column":1}},"line":11},"2":{"name":"(anonymous_2)","decl":{"start":{"line":13,"column":24},"end":{"line":13,"column":25}},"loc":{"start":{"line":13,"column":36},"end":{"line":17,"column":3}},"line":13},"3":{"name":"lowestTempInRange","decl":{"start":{"line":21,"column":9},"end":{"line":21,"column":26}},"loc":{"start":{"line":21,"column":42},"end":{"line":29,"column":1}},"line":21},"4":{"name":"(anonymous_4)","decl":{"start":{"line":23,"column":24},"end":{"line":23,"column":25}},"loc":{"start":{"line":23,"column":36},"end":{"line":27,"column":3}},"line":23},"5":{"name":"highestWindSpeedInRange","decl":{"start":{"line":31,"column":9},"end":{"line":31,"column":32}},"loc":{"start":{"line":31,"column":48},"end":{"line":39,"column":1}},"line":31},"6":{"name":"(anonymous_6)","decl":{"start":{"line":33,"column":24},"end":{"line":33,"column":25}},"loc":{"start":{"line":33,"column":36},"end":{"line":37,"column":3}},"line":33},"7":{"name":"whatDayIsIt","decl":{"start":{"line":41,"column":9},"end":{"line":41,"column":20}},"loc":{"start":{"line":41,"column":26},"end":{"line":49,"column":1}},"line":41},"8":{"name":"dataMeta","decl":{"start":{"line":51,"column":24},"end":{"line":51,"column":32}},"loc":{"start":{"line":51,"column":48},"end":{"line":61,"column":1}},"line":51}},"branchMap":{"0":{"loc":{"start":{"line":14,"column":4},"end":{"line":16,"column":5}},"type":"if","locations":[{"start":{"line":14,"column":4},"end":{"line":16,"column":5}},{"start":{"line":14,"column":4},"end":{"line":16,"column":5}}],"line":14},"1":{"loc":{"start":{"line":24,"column":4},"end":{"line":26,"column":5}},"type":"if","locations":[{"start":{"line":24,"column":4},"end":{"line":26,"column":5}},{"start":{"line":24,"column":4},"end":{"line":26,"column":5}}],"line":24},"2":{"loc":{"start":{"line":34,"column":4},"end":{"line":36,"column":5}},"type":"if","locations":[{"start":{"line":34,"column":4},"end":{"line":36,"column":5}},{"start":{"line":34,"column":4},"end":{"line":36,"column":5}}],"line":34},"3":{"loc":{"start":{"line":44,"column":2},"end":{"line":46,"column":3}},"type":"if","locations":[{"start":{"line":44,"column":2},"end":{"line":46,"column":3}},{"start":{"line":44,"column":2},"end":{"line":46,"column":3}}],"line":44}},"s":{"0":2,"1":1,"2":1,"3":3,"4":1,"5":1,"6":1,"7":1,"8":3,"9":3,"10":1,"11":1,"12":1,"13":3,"14":3,"15":1,"16":1,"17":1,"18":0,"19":1,"20":1,"21":1,"22":1},"f":{"0":2,"1":1,"2":3,"3":1,"4":3,"5":1,"6":3,"7":1,"8":1},"b":{"0":[1,2],"1":[3,0],"2":[3,0],"3":[0,1]},"_coverageSchema":"332fd63041d2c1bcb487cc26dd0d5f7d97098a6c","hash":"94719e286a3528efe68bac7dbaaeb6b99104dadb"}
,"C:\\Users\\ijmcc\\Projects\\weatherApp\\lib\\dataPrepper.js": {"path":"C:\\Users\\ijmcc\\Projects\\weatherApp\\lib\\dataPrepper.js","statementMap":{"0":{"start":{"line":10,"column":18},"end":{"line":10,"column":2}},"1":{"start":{"line":11,"column":22},"end":{"line":11,"column":2}},"2":{"start":{"line":12,"column":4},"end":{"line":null,"column":-1}},"3":{"start":{"line":14,"column":2},"end":{"line":null,"column":-1}},"4":{"start":{"line":6,"column":0},"end":{"line":null,"column":-1}},"5":{"start":{"line":7,"column":0},"end":{"line":null,"column":-1}}},"fnMap":{"0":{"name":"(anonymous_1)","decl":{"start":{"line":11,"column":36},"end":{"line":11,"column":42}},"loc":{"start":{"line":11,"column":43},"end":{"line":11,"column":22}}}},"branchMap":{},"s":{"0":0,"1":0,"2":0,"3":0,"4":0,"5":0},"f":{"0":0},"b":{}}
,"C:\\Users\\ijmcc\\Projects\\weatherApp\\lib\\markupBuilder.js": {"path":"C:\\Users\\ijmcc\\Projects\\weatherApp\\lib\\markupBuilder.js","statementMap":{"0":{"start":{"line":50,"column":21},"end":{"line":50,"column":2}},"1":{"start":{"line":51,"column":2},"end":{"line":null,"column":-1}},"2":{"start":{"line":52,"column":4},"end":{"line":null,"column":-1}},"3":{"start":{"line":54,"column":2},"end":{"line":null,"column":-1}},"4":{"start":{"line":6,"column":0},"end":{"line":null,"column":-1}},"5":{"start":{"line":7,"column":0},"end":{"line":null,"column":-1}},"6":{"start":{"line":8,"column":0},"end":{"line":null,"column":-1}},"7":{"start":{"line":11,"column":16},"end":{"line":11,"column":2}},"8":{"start":{"line":12,"column":15},"end":{"line":12,"column":2}},"9":{"start":{"line":13,"column":2},"end":{"line":null,"column":-1}},"10":{"start":{"line":14,"column":2},"end":{"line":null,"column":-1}}},"fnMap":{"0":{"name":"(anonymous_1)","decl":{"start":{"line":51,"column":20},"end":{"line":51,"column":26}},"loc":{"start":{"line":51,"column":27},"end":{"line":51,"column":2}}},"1":{"name":"makeADay","decl":{"start":{"line":10,"column":9},"end":{"line":10,"column":0}},"loc":{"start":{"line":10,"column":27},"end":{"line":47,"column":1}}}},"branchMap":{},"s":{"0":0,"1":0,"2":0,"3":0,"4":0,"5":0,"6":0,"7":0,"8":0,"9":0,"10":0},"f":{"0":0,"1":0},"b":{}}
,"C:\\Users\\ijmcc\\Projects\\weatherApp\\lib\\tempColor.js": {"path":"C:\\Users\\ijmcc\\Projects\\weatherApp\\lib\\tempColor.js","statementMap":{"0":{"start":{"line":6,"column":13},"end":{"line":41,"column":1}},"1":{"start":{"line":43,"column":21},"end":{"line":129,"column":1}},"2":{"start":{"line":133,"column":2},"end":{"line":133,"column":50}}},"fnMap":{"0":{"name":"(anonymous_0)","decl":{"start":{"line":131,"column":15},"end":{"line":131,"column":16}},"loc":{"start":{"line":131,"column":30},"end":{"line":134,"column":1}},"line":131}},"branchMap":{},"s":{"0":1,"1":1,"2":3},"f":{"0":3},"b":{},"_coverageSchema":"332fd63041d2c1bcb487cc26dd0d5f7d97098a6c","hash":"54df44ed7034fbebf33790b26ab5fff0a04a4663"}
,"C:\\Users\\ijmcc\\Projects\\weatherApp\\lib\\icons\\index.js": {"path":"C:\\Users\\ijmcc\\Projects\\weatherApp\\lib\\icons\\index.js","statementMap":{"0":{"start":{"line":1,"column":0},"end":{"line":null,"column":-1}}},"fnMap":{},"branchMap":{},"s":{"0":0},"f":{},"b":{}}
,"C:\\Users\\ijmcc\\Projects\\weatherApp\\lib\\icons\\wind.js": {"path":"C:\\Users\\ijmcc\\Projects\\weatherApp\\lib\\icons\\wind.js","statementMap":{"0":{"start":{"line":2,"column":2},"end":{"line":null,"column":-1}}},"fnMap":{},"branchMap":{},"s":{"0":0},"f":{},"b":{}}
}
