TN:
SF:C:\Users\ijmcc\Projects\weatherApp\app.js
FN:8,generateForecastMarkup
FN:18,dayClickHandler
FN:33,(anonymous_3)
FNF:3
FNH:0
FNDA:0,generateForecastMarkup
FNDA:0,dayClickHandler
FNDA:0,(anonymous_3)
DA:1,0
DA:2,0
DA:3,0
DA:4,0
DA:6,0
DA:10,0
DA:11,0
DA:13,0
DA:15,0
DA:19,0
DA:22,0
DA:32,0
DA:33,0
DA:34,0
DA:35,0
LF:15
LH:0
BRF:0
BRH:0
end_of_record
TN:
SF:C:\Users\ijmcc\Projects\weatherApp\lib\_html.js
FN:8,(anonymous_0)
FN:10,(anonymous_1)
FNF:2
FNH:2
FNDA:1,(anonymous_0)
FNDA:2,(anonymous_1)
DA:9,1
DA:10,1
DA:11,2
DA:12,2
DA:13,1
DA:16,1
LF:6
LH:6
BRDA:12,0,0,1
BRDA:12,0,1,1
BRF:2
BRH:2
end_of_record
TN:
SF:C:\Users\ijmcc\Projects\weatherApp\lib\dataHrsToDays.js
FN:11,convertToDayArray
FN:19,(anonymous_1)
FNF:2
FNH:2
FNDA:1,convertToDayArray
FNDA:3,(anonymous_1)
DA:12,1
DA:14,1
DA:19,1
DA:21,3
DA:23,3
DA:24,2
DA:25,2
DA:28,1
DA:29,1
DA:30,1
DA:33,1
LF:11
LH:11
BRDA:23,0,0,2
BRDA:23,0,1,1
BRF:2
BRH:2
end_of_record
TN:
SF:C:\Users\ijmcc\Projects\weatherApp\lib\dataMeta.js
FN:7,kelvinToCelcius
FN:11,highestTempInRange
FN:13,(anonymous_2)
FN:21,lowestTempInRange
FN:23,(anonymous_4)
FN:31,highestWindSpeedInRange
FN:33,(anonymous_6)
FN:41,whatDayIsIt
FN:51,dataMeta
FNF:9
FNH:9
FNDA:2,kelvinToCelcius
FNDA:1,highestTempInRange
FNDA:3,(anonymous_2)
FNDA:1,lowestTempInRange
FNDA:3,(anonymous_4)
FNDA:1,highestWindSpeedInRange
FNDA:3,(anonymous_6)
FNDA:1,whatDayIsIt
FNDA:1,dataMeta
DA:8,2
DA:12,1
DA:13,1
DA:14,3
DA:15,1
DA:18,1
DA:22,1
DA:23,1
DA:24,3
DA:25,3
DA:28,1
DA:32,1
DA:33,1
DA:34,3
DA:35,3
DA:38,1
DA:43,1
DA:44,1
DA:45,0
DA:47,1
DA:48,1
DA:52,1
DA:60,1
LF:23
LH:22
BRDA:14,0,0,1
BRDA:14,0,1,2
BRDA:24,1,0,3
BRDA:24,1,1,0
BRDA:34,2,0,3
BRDA:34,2,1,0
BRDA:44,3,0,0
BRDA:44,3,1,1
BRF:8
BRH:5
end_of_record
TN:
SF:C:\Users\ijmcc\Projects\weatherApp\lib\dataPrepper.js
FN:11,(anonymous_1)
FNF:1
FNH:0
FNDA:0,(anonymous_1)
DA:6,0
DA:7,0
DA:10,0
DA:11,0
DA:12,0
DA:14,0
LF:6
LH:0
BRF:0
BRH:0
end_of_record
TN:
SF:C:\Users\ijmcc\Projects\weatherApp\lib\markupBuilder.js
FN:51,(anonymous_1)
FN:10,makeADay
FNF:2
FNH:0
FNDA:0,(anonymous_1)
FNDA:0,makeADay
DA:6,0
DA:7,0
DA:8,0
DA:11,0
DA:12,0
DA:13,0
DA:14,0
DA:50,0
DA:51,0
DA:52,0
DA:54,0
LF:11
LH:0
BRF:0
BRH:0
end_of_record
TN:
SF:C:\Users\ijmcc\Projects\weatherApp\lib\tempColor.js
FN:131,(anonymous_0)
FNF:1
FNH:1
FNDA:3,(anonymous_0)
DA:6,1
DA:43,1
DA:133,3
LF:3
LH:3
BRF:0
BRH:0
end_of_record
TN:
SF:C:\Users\ijmcc\Projects\weatherApp\lib\icons\index.js
FNF:0
FNH:0
DA:1,0
LF:1
LH:0
BRF:0
BRH:0
end_of_record
TN:
SF:C:\Users\ijmcc\Projects\weatherApp\lib\icons\wind.js
FNF:0
FNH:0
DA:2,0
LF:1
LH:0
BRF:0
BRH:0
end_of_record
